g:\mtrn4110\plotting\x64\debug\vc120.pdb
g:\mtrn4110\plotting\x64\debug\vc120.idb
g:\mtrn4110\plotting\x64\debug\smfcn.obj
g:\mtrn4110\plotting\x64\debug\smobject.obj
g:\mtrn4110\plotting\x64\debug\matlabinczero.obj
g:\mtrn4110\plotting\x64\debug\plotting.obj
h:\mtrn4110\plotting\x64\debug\vc120.pdb
h:\mtrn4110\plotting\x64\debug\vc120.idb
h:\mtrn4110\plotting\x64\debug\smfcn.obj
h:\mtrn4110\plotting\x64\debug\smobject.obj
h:\mtrn4110\plotting\x64\debug\matlabinczero.obj
h:\mtrn4110\plotting\x64\debug\plotting.obj
g:\mtrn4110\x64\debug\plotting.ilk
g:\mtrn4110\x64\debug\plotting.exe
g:\mtrn4110\x64\debug\plotting.pdb
h:\mtrn4110\x64\debug\plotting.ilk
h:\mtrn4110\x64\debug\plotting.exe
h:\mtrn4110\x64\debug\plotting.pdb
g:\mtrn4110\plotting\x64\debug\plotting.tlog\cl.read.1.tlog
g:\mtrn4110\plotting\x64\debug\plotting.tlog\cl.write.1.tlog
g:\mtrn4110\plotting\x64\debug\plotting.tlog\cl.command.1.tlog
g:\mtrn4110\plotting\x64\debug\plotting.tlog\link.command.1.tlog
g:\mtrn4110\plotting\x64\debug\plotting.tlog\link.read.1.tlog
g:\mtrn4110\plotting\x64\debug\plotting.tlog\link.write.1.tlog
