g:\mtrn4110\3d_camera\debug\vc120.pdb
g:\mtrn4110\3d_camera\debug\vc120.idb
g:\mtrn4110\3d_camera\debug\smfcn.obj
g:\mtrn4110\3d_camera\debug\smobject.obj
g:\mtrn4110\3d_camera\debug\consoledemo.obj
c:\users\stephen\desktop\hexabeast\hexabeast\3d_camera\debug\consoledemo.obj
c:\users\stephen\desktop\hexabeast\hexabeast\3d_camera\debug\smfcn.obj
c:\users\stephen\desktop\hexabeast\hexabeast\3d_camera\debug\smobject.obj
c:\users\stephen\desktop\hexabeast\hexabeast\3d_camera\debug\vc120.idb
c:\users\stephen\desktop\hexabeast\hexabeast\3d_camera\debug\vc120.pdb
c:\users\stephen\desktop\hexabeast\hexabeast\debug\3d_camera.pdb
c:\users\stephen\desktop\hexabeast\hexabeast\debug\3d_camera.exe
c:\users\stephen\desktop\hexabeast\hexabeast\3d_camera\debug\3d_camera.tlog\cl.command.1.tlog
c:\users\stephen\desktop\hexabeast\hexabeast\3d_camera\debug\3d_camera.tlog\cl.read.1.tlog
c:\users\stephen\desktop\hexabeast\hexabeast\3d_camera\debug\3d_camera.tlog\cl.write.1.tlog
c:\users\stephen\desktop\hexabeast\hexabeast\3d_camera\debug\3d_camera.tlog\link-cvtres.read.1.tlog
c:\users\stephen\desktop\hexabeast\hexabeast\3d_camera\debug\3d_camera.tlog\link-cvtres.write.1.tlog
c:\users\stephen\desktop\hexabeast\hexabeast\3d_camera\debug\3d_camera.tlog\link-rc.read.1.tlog
c:\users\stephen\desktop\hexabeast\hexabeast\3d_camera\debug\3d_camera.tlog\link-rc.write.1.tlog
c:\users\stephen\desktop\hexabeast\hexabeast\3d_camera\debug\3d_camera.tlog\link.command.1.tlog
c:\users\stephen\desktop\hexabeast\hexabeast\3d_camera\debug\3d_camera.tlog\link.read.1.tlog
c:\users\stephen\desktop\hexabeast\hexabeast\3d_camera\debug\3d_camera.tlog\link.write.1.tlog
