Build started 1/04/2017 12:06:01 AM.
     1>Project "G:\MTRN4110\Plotting\Plotting.vcxproj" on node 2 (Rebuild target(s)).
     1>ClCompile:
         C:\Program Files (x86)\Microsoft Visual Studio 12.0\VC\bin\CL.exe /c /IG:\MTRN4110\include /I"C:\Program Files (x86)\MATLAB\R2015b\extern\include" /ZI /nologo /W3 /WX- /Od /Oy- /D WIN32 /D _DEBUG /D _CONSOLE /D _UNICODE /D UNICODE /Gm /EHsc /RTC1 /MDd /GS /fp:precise /Zc:wchar_t /Zc:forScope /Fo"Debug\\" /Fd"Debug\vc120.pdb" /Gd /TP /analyze- /errorReport:prompt ..\include\SMFcn.cpp ..\include\SMObject.cpp MatlabInCZero.cpp Plotting.cpp
         Plotting.cpp
         MatlabInCZero.cpp
     1>g:\mtrn4110\include\smstruct.h(6): warning C4351: new behavior: elements of array 'Arduino::pin' will be default initialized
     1>g:\mtrn4110\include\smstruct.h(12): warning C4351: new behavior: elements of array 'Camera::depth' will be default initialized
         SMObject.cpp
         SMFcn.cpp
         Generating Code...
       Link:
         C:\Program Files (x86)\Microsoft Visual Studio 12.0\VC\bin\link.exe /ERRORREPORT:PROMPT /OUT:"G:\MTRN4110\Debug\Plotting.exe" /INCREMENTAL /NOLOGO /LIBPATH:"C:\Program Files (x86)\MATLAB\R2015b\extern\lib\win32\microsoft" /LIBPATH:G:\MTRN4110\lib libmx.lib libmex.lib libeng.lib kernel32.lib user32.lib gdi32.lib winspool.lib comdlg32.lib advapi32.lib shell32.lib ole32.lib oleaut32.lib uuid.lib odbc32.lib odbccp32.lib kernel32.lib user32.lib gdi32.lib winspool.lib comdlg32.lib advapi32.lib shell32.lib ole32.lib oleaut32.lib uuid.lib odbc32.lib odbccp32.lib /MANIFEST /MANIFESTUAC:"level='asInvoker' uiAccess='false'" /manifest:embed /DEBUG /PDB:"G:\MTRN4110\Debug\Plotting.pdb" /SUBSYSTEM:CONSOLE /TLBID:1 /DYNAMICBASE /NXCOMPAT /IMPLIB:"G:\MTRN4110\Debug\Plotting.lib" /MACHINE:X86 Debug\SMFcn.obj
         Debug\SMObject.obj
         Debug\MatlabInCZero.obj
         Debug\Plotting.obj
         Plotting.vcxproj -> G:\MTRN4110\Debug\Plotting.exe
     1>Done Building Project "G:\MTRN4110\Plotting\Plotting.vcxproj" (Rebuild target(s)).

Build succeeded.

Time Elapsed 00:00:25.35
