Build started 20/04/2017 2:20:33 AM.
     1>Project "C:\Users\Stephen\Desktop\Hexabeast\hexabeast\3D_Camera\3D_Camera.vcxproj" on node 2 (Rebuild target(s)).
     1>C:\Program Files (x86)\MSBuild\Microsoft.Cpp\v4.0\V120\Microsoft.CppBuild.targets(388,5): warning MSB8028: The intermediate directory (x64\Debug\) contains files shared from another project (Camera.vcxproj).  This can lead to incorrect clean and rebuild behavior.
     1>ClCompile:
         C:\Program Files (x86)\Microsoft Visual Studio 12.0\VC\bin\x86_amd64\CL.exe /c /I..\include /I"C:\Program Files\SoftKinetic\DepthSenseSDK\include" /I"C:\Program Files (x86)\MATLAB\R2015b\extern\include" /Zi /nologo /W3 /WX- /sdl /Od /D _MBCS /Gm /EHsc /RTC1 /MDd /GS /fp:precise /Zc:wchar_t /Zc:forScope /Fo"x64\Debug\\" /Fd"x64\Debug\vc120.pdb" /Gd /TP /errorReport:prompt ..\include\SMFcn.cpp ..\include\SMObject.cpp ConsoleDemo.cpp
         ConsoleDemo.cpp
     1>c:\users\stephen\desktop\hexabeast\hexabeast\3d_camera\../include/SMStruct.h(6): warning C4351: new behavior: elements of array 'Arduino::pin' will be default initialized
     1>c:\users\stephen\desktop\hexabeast\hexabeast\3d_camera\../include/SMStruct.h(12): warning C4351: new behavior: elements of array 'Camera::verticesX' will be default initialized
     1>c:\users\stephen\desktop\hexabeast\hexabeast\3d_camera\../include/SMStruct.h(13): warning C4351: new behavior: elements of array 'Camera::verticesY' will be default initialized
     1>c:\users\stephen\desktop\hexabeast\hexabeast\3d_camera\../include/SMStruct.h(14): warning C4351: new behavior: elements of array 'Camera::verticesZ' will be default initialized
         SMObject.cpp
         SMFcn.cpp
         Generating Code...
       Link:
         C:\Program Files (x86)\Microsoft Visual Studio 12.0\VC\bin\x86_amd64\link.exe /ERRORREPORT:PROMPT /OUT:"C:\Users\Stephen\Desktop\Hexabeast\hexabeast\x64\Debug\3D_Camera.exe" /INCREMENTAL /NOLOGO /LIBPATH:..\lib /LIBPATH:"C:\Program Files\SoftKinetic\DepthSenseSDK\lib" /LIBPATH:"C:\Program Files (x86)\MATLAB\R2015b\extern\lib\win32" libmx.lib libmex.lib libmat.lib DepthSense.lib kernel32.lib user32.lib gdi32.lib winspool.lib comdlg32.lib advapi32.lib shell32.lib ole32.lib oleaut32.lib uuid.lib odbc32.lib odbccp32.lib kernel32.lib user32.lib gdi32.lib winspool.lib comdlg32.lib advapi32.lib shell32.lib ole32.lib oleaut32.lib uuid.lib odbc32.lib odbccp32.lib /MANIFEST /MANIFESTUAC:"level='asInvoker' uiAccess='false'" /manifest:embed /DEBUG /PDB:"C:\Users\Stephen\Desktop\Hexabeast\hexabeast\x64\Debug\3D_Camera.pdb" /TLBID:1 /DYNAMICBASE /NXCOMPAT /IMPLIB:"C:\Users\Stephen\Desktop\Hexabeast\hexabeast\x64\Debug\3D_Camera.lib" /MACHINE:X64 x64\Debug\SMFcn.obj
         x64\Debug\SMObject.obj
         x64\Debug\ConsoleDemo.obj
         3D_Camera.vcxproj -> C:\Users\Stephen\Desktop\Hexabeast\hexabeast\x64\Debug\3D_Camera.exe
     1>Done Building Project "C:\Users\Stephen\Desktop\Hexabeast\hexabeast\3D_Camera\3D_Camera.vcxproj" (Rebuild target(s)).

Build succeeded.

Time Elapsed 00:00:33.96
