Build started 20/04/2017 2:20:06 AM.
     1>Project "C:\Users\Stephen\Desktop\Hexabeast\hexabeast\TheRealServer\TheRealServer.vcxproj" on node 2 (Rebuild target(s)).
     1>ClCompile:
         C:\Program Files (x86)\Microsoft Visual Studio 12.0\VC\bin\CL.exe /c /IC:\Users\Stephen\Desktop\Hexabeast\hexabeast\include /ZI /nologo /W3 /WX- /sdl /Od /Oy- /D WIN32 /D _DEBUG /D _CONSOLE /D _LIB /D _UNICODE /D UNICODE /Gm /EHsc /RTC1 /MDd /GS /fp:precise /Zc:wchar_t /Zc:forScope /Fo"Debug\\" /Fd"Debug\vc120.pdb" /Gd /TP /analyze- /errorReport:prompt ..\include\SMFcn.cpp ..\include\SMObject.cpp server.cpp
         server.cpp
     1>c:\users\stephen\desktop\hexabeast\hexabeast\include\smstruct.h(6): warning C4351: new behavior: elements of array 'Arduino::pin' will be default initialized
     1>c:\users\stephen\desktop\hexabeast\hexabeast\include\smstruct.h(12): warning C4351: new behavior: elements of array 'Camera::verticesX' will be default initialized
     1>c:\users\stephen\desktop\hexabeast\hexabeast\include\smstruct.h(13): warning C4351: new behavior: elements of array 'Camera::verticesY' will be default initialized
     1>c:\users\stephen\desktop\hexabeast\hexabeast\include\smstruct.h(14): warning C4351: new behavior: elements of array 'Camera::verticesZ' will be default initialized
     1>c:\users\stephen\desktop\hexabeast\hexabeast\therealserver\server.cpp(31): warning C4101: 'recvbuf' : unreferenced local variable
         SMObject.cpp
         SMFcn.cpp
         Generating Code...
       Link:
         C:\Program Files (x86)\Microsoft Visual Studio 12.0\VC\bin\link.exe /ERRORREPORT:PROMPT /OUT:"C:\Users\Stephen\Desktop\Hexabeast\hexabeast\Debug\TheRealServer.exe" /INCREMENTAL /NOLOGO /LIBPATH:C:\Users\Stephen\Desktop\Hexabeast\hexabeast\lib Ws2_32.lib kernel32.lib user32.lib gdi32.lib winspool.lib comdlg32.lib advapi32.lib shell32.lib ole32.lib oleaut32.lib uuid.lib odbc32.lib odbccp32.lib kernel32.lib user32.lib gdi32.lib winspool.lib comdlg32.lib advapi32.lib shell32.lib ole32.lib oleaut32.lib uuid.lib odbc32.lib odbccp32.lib /MANIFEST /MANIFESTUAC:"level='asInvoker' uiAccess='false'" /manifest:embed /DEBUG /PDB:"C:\Users\Stephen\Desktop\Hexabeast\hexabeast\Debug\TheRealServer.pdb" /SUBSYSTEM:CONSOLE /TLBID:1 /DYNAMICBASE /NXCOMPAT /IMPLIB:"C:\Users\Stephen\Desktop\Hexabeast\hexabeast\Debug\TheRealServer.lib" /MACHINE:X86 Debug\SMFcn.obj
         Debug\SMObject.obj
         Debug\server.obj
         TheRealServer.vcxproj -> C:\Users\Stephen\Desktop\Hexabeast\hexabeast\Debug\TheRealServer.exe
     1>Done Building Project "C:\Users\Stephen\Desktop\Hexabeast\hexabeast\TheRealServer\TheRealServer.vcxproj" (Rebuild target(s)).

Build succeeded.

Time Elapsed 00:00:19.36
