h:\mtrn4110\debug\arduino.ilk
h:\mtrn4110\debug\arduino.exe
h:\mtrn4110\debug\arduino.pdb
h:\mtrn4110\arduino\debug\vc120.pdb
h:\mtrn4110\arduino\debug\vc120.idb
h:\mtrn4110\arduino\debug\smfcn.obj
h:\mtrn4110\arduino\debug\smobject.obj
h:\mtrn4110\arduino\debug\main.obj
h:\mtrn4110\arduino\debug\serial.obj
g:\mtrn4110\arduino\debug\smfcn.obj
g:\mtrn4110\arduino\debug\smobject.obj
g:\mtrn4110\arduino\debug\main.obj
g:\mtrn4110\arduino\debug\serial.obj
g:\mtrn4110\arduino\debug\vc120.idb
g:\mtrn4110\arduino\debug\vc120.pdb
g:\mtrn4110\debug\arduino.pdb
g:\mtrn4110\debug\arduino.exe
g:\mtrn4110\debug\arduino.ilk
g:\mtrn4110\arduino\debug\arduino.tlog\link.read.1.tlog
g:\mtrn4110\arduino\debug\arduino.tlog\link.write.1.tlog
g:\mtrn4110\arduino\debug\arduino.tlog\link.command.1.tlog
g:\mtrn4110\arduino\debug\arduino.tlog\cl.read.1.tlog
g:\mtrn4110\arduino\debug\arduino.tlog\cl.write.1.tlog
g:\mtrn4110\arduino\debug\arduino.tlog\cl.command.1.tlog
